
> local-aids@0.1.0 dev
> concurrently "npm start" "npm run server"

[1] 
[1] > local-aids@0.1.0 server
[1] > cd server && npm run dev
[1] 
[0] 
[0] > local-aids@0.1.0 start
[0] > react-scripts start
[0] 
[1] 
[1] > local-aids-server@1.0.0 dev
[1] > nodemon server.js
[1] 
[1] [33m[nodemon] 3.1.11[39m
[1] [33m[nodemon] to restart at any time, enter `rs`[39m
[1] [33m[nodemon] watching path(s): *.*[39m
[1] [33m[nodemon] watching extensions: js,mjs,cjs,json[39m
[1] [32m[nodemon] starting `node server.js`[39m
[1] MongoDB Connected: localhost
[1] node:events:486
[1]       throw er; // Unhandled 'error' event
[1]       ^
[1] 
[1] Error: listen EADDRINUSE: address already in use :::5001
[1]     at Server.setupListenHandle [as _listen2] (node:net:1940:16)
[1]     at listenInCluster (node:net:1997:12)
[1]     at Server.listen (node:net:2102:7)
[1]     at app.listen (/Users/sangamdevkota/Desktop/projext 2/local-aids/server/node_modules/express/lib/application.js:635:24)
[1]     at /Users/sangamdevkota/Desktop/projext 2/local-aids/server/server.js:72:7
[1]     at process.processTicksAndRejections (node:internal/process/task_queues:103:5)
[1] Emitted 'error' event on Server instance at:
[1]     at emitErrorNT (node:net:1976:8)
[1]     at process.processTicksAndRejections (node:internal/process/task_queues:89:21) {
[1]   code: 'EADDRINUSE',
[1]   errno: -48,
[1]   syscall: 'listen',
[1]   address: '::',
[1]   port: 5001
[1] }
[1] 
[1] Node.js v25.2.1
[1] [31m[nodemon] app crashed - waiting for file changes before starting...[39m
[0] Something is already running on port 3000.
[0] npm start exited with code 0
[1] [32m[nodemon] restarting due to changes...[39m
[1] [32m[nodemon] starting `node server.js`[39m
[1] MongoDB Connected: localhost
[1] Server running on port 5001
[1] Environment: development
[1] [31m[nodemon] app crashed - waiting for file changes before starting...[39m
[1] [32m[nodemon] restarting due to changes...[39m
[1] [32m[nodemon] starting `node server.js`[39m
[1] MongoDB Connected: localhost
[1] node:events:486
[1]       throw er; // Unhandled 'error' event
[1]       ^
[1] 
[1] Error: listen EADDRINUSE: address already in use :::5001
[1]     at Server.setupListenHandle [as _listen2] (node:net:1940:16)
[1]     at listenInCluster (node:net:1997:12)
[1]     at Server.listen (node:net:2102:7)
[1]     at app.listen (/Users/sangamdevkota/Desktop/projext 2/local-aids/server/node_modules/express/lib/application.js:635:24)
[1]     at /Users/sangamdevkota/Desktop/projext 2/local-aids/server/server.js:72:7
[1]     at process.processTicksAndRejections (node:internal/process/task_queues:103:5)
[1] Emitted 'error' event on Server instance at:
[1]     at emitErrorNT (node:net:1976:8)
[1]     at process.processTicksAndRejections (node:internal/process/task_queues:89:21) {
[1]   code: 'EADDRINUSE',
[1]   errno: -48,
[1]   syscall: 'listen',
[1]   address: '::',
[1]   port: 5001
[1] }
[1] 
[1] Node.js v25.2.1
[1] [31m[nodemon] app crashed - waiting for file changes before starting...[39m
[1] [32m[nodemon] restarting due to changes...[39m
[1] [32m[nodemon] starting `node server.js`[39m
[1] MongoDB Connected: localhost
[1] node:events:486
[1]       throw er; // Unhandled 'error' event
[1]       ^
[1] 
[1] Error: listen EADDRINUSE: address already in use :::5001
[1]     at Server.setupListenHandle [as _listen2] (node:net:1940:16)
[1]     at listenInCluster (node:net:1997:12)
[1]     at Server.listen (node:net:2102:7)
[1]     at app.listen (/Users/sangamdevkota/Desktop/projext 2/local-aids/server/node_modules/express/lib/application.js:635:24)
[1]     at /Users/sangamdevkota/Desktop/projext 2/local-aids/server/server.js:72:7
[1]     at process.processTicksAndRejections (node:internal/process/task_queues:103:5)
[1] Emitted 'error' event on Server instance at:
[1]     at emitErrorNT (node:net:1976:8)
[1]     at process.processTicksAndRejections (node:internal/process/task_queues:89:21) {
[1]   code: 'EADDRINUSE',
[1]   errno: -48,
[1]   syscall: 'listen',
[1]   address: '::',
[1]   port: 5001
[1] }
[1] 
[1] Node.js v25.2.1
[1] [31m[nodemon] app crashed - waiting for file changes before starting...[39m
[1] [32m[nodemon] restarting due to changes...[39m
[1] [32m[nodemon] starting `node server.js`[39m
[1] MongoDB Connected: localhost
[1] Server running on port 5001
[1] Environment: development
[1] [31m[nodemon] app crashed - waiting for file changes before starting...[39m
[1] [32m[nodemon] restarting due to changes...[39m
[1] [32m[nodemon] starting `node server.js`[39m
[1] [32m[nodemon] restarting due to changes...[39m
[1] [32m[nodemon] restarting due to changes...[39m
[1] [32m[nodemon] starting `node server.js`[39m
[1] MongoDB Connected: localhost
[1] Server running on port 5001
[1] Environment: development
[1] [32m[nodemon] restarting due to changes...[39m
[1] [32m[nodemon] starting `node server.js`[39m
[1] MongoDB Connected: localhost
[1] node:events:486
[1]       throw er; // Unhandled 'error' event
[1]       ^
[1] 
[1] Error: listen EADDRINUSE: address already in use :::5001
[1]     at Server.setupListenHandle [as _listen2] (node:net:1940:16)
[1]     at listenInCluster (node:net:1997:12)
[1]     at Server.listen (node:net:2102:7)
[1]     at app.listen (/Users/sangamdevkota/Desktop/projext 2/local-aids/server/node_modules/express/lib/application.js:635:24)
[1]     at /Users/sangamdevkota/Desktop/projext 2/local-aids/server/server.js:72:7
[1]     at process.processTicksAndRejections (node:internal/process/task_queues:103:5)
[1] Emitted 'error' event on Server instance at:
[1]     at emitErrorNT (node:net:1976:8)
[1]     at process.processTicksAndRejections (node:internal/process/task_queues:89:21) {
[1]   code: 'EADDRINUSE',
[1]   errno: -48,
[1]   syscall: 'listen',
[1]   address: '::',
[1]   port: 5001
[1] }
[1] 
[1] Node.js v25.2.1
[1] [31m[nodemon] app crashed - waiting for file changes before starting...[39m
[1] [32m[nodemon] restarting due to changes...[39m
[1] [32m[nodemon] starting `node server.js`[39m
[1] MongoDB Connected: localhost
[1] node:events:486
[1]       throw er; // Unhandled 'error' event
[1]       ^
[1] 
[1] Error: listen EADDRINUSE: address already in use :::5001
[1]     at Server.setupListenHandle [as _listen2] (node:net:1940:16)
[1]     at listenInCluster (node:net:1997:12)
[1]     at Server.listen (node:net:2102:7)
[1]     at app.listen (/Users/sangamdevkota/Desktop/projext 2/local-aids/server/node_modules/express/lib/application.js:635:24)
[1]     at /Users/sangamdevkota/Desktop/projext 2/local-aids/server/server.js:72:7
[1]     at process.processTicksAndRejections (node:internal/process/task_queues:103:5)
[1] Emitted 'error' event on Server instance at:
[1]     at emitErrorNT (node:net:1976:8)
[1]     at process.processTicksAndRejections (node:internal/process/task_queues:89:21) {
[1]   code: 'EADDRINUSE',
[1]   errno: -48,
[1]   syscall: 'listen',
[1]   address: '::',
[1]   port: 5001
[1] }
[1] 
[1] Node.js v25.2.1
[1] [31m[nodemon] app crashed - waiting for file changes before starting...[39m
[1] [32m[nodemon] restarting due to changes...[39m
[1] [32m[nodemon] starting `node server.js`[39m
[1] MongoDB Connected: localhost
[1] node:events:486
[1]       throw er; // Unhandled 'error' event
[1]       ^
[1] 
[1] Error: listen EADDRINUSE: address already in use :::5001
[1]     at Server.setupListenHandle [as _listen2] (node:net:1940:16)
[1]     at listenInCluster (node:net:1997:12)
[1]     at Server.listen (node:net:2102:7)
[1]     at app.listen (/Users/sangamdevkota/Desktop/projext 2/local-aids/server/node_modules/express/lib/application.js:635:24)
[1]     at /Users/sangamdevkota/Desktop/projext 2/local-aids/server/server.js:72:7
[1]     at process.processTicksAndRejections (node:internal/process/task_queues:103:5)
[1] Emitted 'error' event on Server instance at:
[1]     at emitErrorNT (node:net:1976:8)
[1]     at process.processTicksAndRejections (node:internal/process/task_queues:89:21) {
[1]   code: 'EADDRINUSE',
[1]   errno: -48,
[1]   syscall: 'listen',
[1]   address: '::',
[1]   port: 5001
[1] }
[1] 
[1] Node.js v25.2.1
[1] [31m[nodemon] app crashed - waiting for file changes before starting...[39m
[1] [32m[nodemon] restarting due to changes...[39m
[1] [32m[nodemon] starting `node server.js`[39m
[1] MongoDB Connected: localhost
[1] Server running on port 5001
[1] Environment: development
[1] [32m[nodemon] restarting due to changes...[39m
[1] [32m[nodemon] starting `node server.js`[39m
[1] MongoDB Connected: localhost
[1] node:events:486
[1]       throw er; // Unhandled 'error' event
[1]       ^
[1] 
[1] Error: listen EADDRINUSE: address already in use :::5001
[1]     at Server.setupListenHandle [as _listen2] (node:net:1940:16)
[1]     at listenInCluster (node:net:1997:12)
[1]     at Server.listen (node:net:2102:7)
[1]     at app.listen (/Users/sangamdevkota/Desktop/projext 2/local-aids/server/node_modules/express/lib/application.js:635:24)
[1]     at /Users/sangamdevkota/Desktop/projext 2/local-aids/server/server.js:73:7
[1]     at process.processTicksAndRejections (node:internal/process/task_queues:103:5)
[1] Emitted 'error' event on Server instance at:
[1]     at emitErrorNT (node:net:1976:8)
[1]     at process.processTicksAndRejections (node:internal/process/task_queues:89:21) {
[1]   code: 'EADDRINUSE',
[1]   errno: -48,
[1]   syscall: 'listen',
[1]   address: '::',
[1]   port: 5001
[1] }
[1] 
[1] Node.js v25.2.1
[1] [31m[nodemon] app crashed - waiting for file changes before starting...[39m
[1] [32m[nodemon] restarting due to changes...[39m
[1] [32m[nodemon] starting `node server.js`[39m
[1] MongoDB Connected: localhost
[1] Server running on port 5001
[1] Environment: development
[1] [32m[nodemon] restarting due to changes...[39m
[1] [32m[nodemon] starting `node server.js`[39m
[1] MongoDB Connected: localhost
[1] node:events:486
[1]       throw er; // Unhandled 'error' event
[1]       ^
[1] 
[1] Error: listen EADDRINUSE: address already in use :::5001
[1]     at Server.setupListenHandle [as _listen2] (node:net:1940:16)
[1]     at listenInCluster (node:net:1997:12)
[1]     at Server.listen (node:net:2102:7)
[1]     at app.listen (/Users/sangamdevkota/Desktop/projext 2/local-aids/server/node_modules/express/lib/application.js:635:24)
[1]     at /Users/sangamdevkota/Desktop/projext 2/local-aids/server/server.js:74:7
[1]     at process.processTicksAndRejections (node:internal/process/task_queues:103:5)
[1] Emitted 'error' event on Server instance at:
[1]     at emitErrorNT (node:net:1976:8)
[1]     at process.processTicksAndRejections (node:internal/process/task_queues:89:21) {
[1]   code: 'EADDRINUSE',
[1]   errno: -48,
[1]   syscall: 'listen',
[1]   address: '::',
[1]   port: 5001
[1] }
[1] 
[1] Node.js v25.2.1
[1] [31m[nodemon] app crashed - waiting for file changes before starting...[39m
[1] [32m[nodemon] restarting due to changes...[39m
[1] [32m[nodemon] starting `node server.js`[39m
[1] MongoDB Connected: localhost
[1] node:events:486
[1]       throw er; // Unhandled 'error' event
[1]       ^
[1] 
[1] Error: listen EADDRINUSE: address already in use :::5001
[1]     at Server.setupListenHandle [as _listen2] (node:net:1940:16)
[1]     at listenInCluster (node:net:1997:12)
[1]     at Server.listen (node:net:2102:7)
[1]     at app.listen (/Users/sangamdevkota/Desktop/projext 2/local-aids/server/node_modules/express/lib/application.js:635:24)
[1]     at /Users/sangamdevkota/Desktop/projext 2/local-aids/server/server.js:74:7
[1]     at process.processTicksAndRejections (node:internal/process/task_queues:103:5)
[1] Emitted 'error' event on Server instance at:
[1]     at emitErrorNT (node:net:1976:8)
[1]     at process.processTicksAndRejections (node:internal/process/task_queues:89:21) {
[1]   code: 'EADDRINUSE',
[1]   errno: -48,
[1]   syscall: 'listen',
[1]   address: '::',
[1]   port: 5001
[1] }
[1] 
[1] Node.js v25.2.1
[1] [31m[nodemon] app crashed - waiting for file changes before starting...[39m
[1] [32m[nodemon] restarting due to changes...[39m
[1] [32m[nodemon] starting `node server.js`[39m
[1] [32m[nodemon] restarting due to changes...[39m
[1] [32m[nodemon] restarting due to changes...[39m
[1] [32m[nodemon] starting `node server.js`[39m
[1] MongoDB Connected: localhost
[1] Server running on port 5001
[1] Environment: development
[1] Update help request status error: CastError: Cast to ObjectId failed for value "undefined" (type string) at path "_id" for model "HelpRequest"
[1]     at SchemaObjectId.cast (/Users/sangamdevkota/Desktop/projext 2/local-aids/server/node_modules/mongoose/lib/schema/objectId.js:253:11)
[1]     at SchemaType.applySetters (/Users/sangamdevkota/Desktop/projext 2/local-aids/server/node_modules/mongoose/lib/schemaType.js:1288:12)
[1]     at SchemaType.castForQuery (/Users/sangamdevkota/Desktop/projext 2/local-aids/server/node_modules/mongoose/lib/schemaType.js:1724:17)
[1]     at cast (/Users/sangamdevkota/Desktop/projext 2/local-aids/server/node_modules/mongoose/lib/cast.js:390:32)
[1]     at Query.cast (/Users/sangamdevkota/Desktop/projext 2/local-aids/server/node_modules/mongoose/lib/query.js:5060:12)
[1]     at Query._castConditions (/Users/sangamdevkota/Desktop/projext 2/local-aids/server/node_modules/mongoose/lib/query.js:2374:10)
[1]     at model.Query._findOneAndUpdate (/Users/sangamdevkota/Desktop/projext 2/local-aids/server/node_modules/mongoose/lib/query.js:3477:8)
[1]     at model.Query.exec (/Users/sangamdevkota/Desktop/projext 2/local-aids/server/node_modules/mongoose/lib/query.js:4627:80)
[1]     at process.processTicksAndRejections (node:internal/process/task_queues:103:5)
[1]     at async /Users/sangamdevkota/Desktop/projext 2/local-aids/server/routes/helpRequests.js:199:25 {
[1]   stringValue: '"undefined"',
[1]   messageFormat: undefined,
[1]   kind: 'ObjectId',
[1]   value: 'undefined',
[1]   path: '_id',
[1]   reason: BSONError: input must be a 24 character hex string, 12 byte Uint8Array, or an integer
[1]       at new ObjectId (/Users/sangamdevkota/Desktop/projext 2/local-aids/server/node_modules/bson/lib/bson.cjs:2538:23)
[1]       at castObjectId (/Users/sangamdevkota/Desktop/projext 2/local-aids/server/node_modules/mongoose/lib/cast/objectid.js:25:12)
[1]       at SchemaObjectId.cast (/Users/sangamdevkota/Desktop/projext 2/local-aids/server/node_modules/mongoose/lib/schema/objectId.js:251:12)
[1]       at SchemaType.applySetters (/Users/sangamdevkota/Desktop/projext 2/local-aids/server/node_modules/mongoose/lib/schemaType.js:1288:12)
[1]       at SchemaType.castForQuery (/Users/sangamdevkota/Desktop/projext 2/local-aids/server/node_modules/mongoose/lib/schemaType.js:1724:17)
[1]       at cast (/Users/sangamdevkota/Desktop/projext 2/local-aids/server/node_modules/mongoose/lib/cast.js:390:32)
[1]       at Query.cast (/Users/sangamdevkota/Desktop/projext 2/local-aids/server/node_modules/mongoose/lib/query.js:5060:12)
[1]       at Query._castConditions (/Users/sangamdevkota/Desktop/projext 2/local-aids/server/node_modules/mongoose/lib/query.js:2374:10)
[1]       at model.Query._findOneAndUpdate (/Users/sangamdevkota/Desktop/projext 2/local-aids/server/node_modules/mongoose/lib/query.js:3477:8)
[1]       at model.Query.exec (/Users/sangamdevkota/Desktop/projext 2/local-aids/server/node_modules/mongoose/lib/query.js:4627:80),
[1]   valueType: 'string'
[1] }
[1] Update help request status error: CastError: Cast to ObjectId failed for value "undefined" (type string) at path "_id" for model "HelpRequest"
[1]     at SchemaObjectId.cast (/Users/sangamdevkota/Desktop/projext 2/local-aids/server/node_modules/mongoose/lib/schema/objectId.js:253:11)
[1]     at SchemaType.applySetters (/Users/sangamdevkota/Desktop/projext 2/local-aids/server/node_modules/mongoose/lib/schemaType.js:1288:12)
[1]     at SchemaType.castForQuery (/Users/sangamdevkota/Desktop/projext 2/local-aids/server/node_modules/mongoose/lib/schemaType.js:1724:17)
[1]     at cast (/Users/sangamdevkota/Desktop/projext 2/local-aids/server/node_modules/mongoose/lib/cast.js:390:32)
[1]     at Query.cast (/Users/sangamdevkota/Desktop/projext 2/local-aids/server/node_modules/mongoose/lib/query.js:5060:12)
[1]     at Query._castConditions (/Users/sangamdevkota/Desktop/projext 2/local-aids/server/node_modules/mongoose/lib/query.js:2374:10)
[1]     at model.Query._findOneAndUpdate (/Users/sangamdevkota/Desktop/projext 2/local-aids/server/node_modules/mongoose/lib/query.js:3477:8)
[1]     at model.Query.exec (/Users/sangamdevkota/Desktop/projext 2/local-aids/server/node_modules/mongoose/lib/query.js:4627:80)
[1]     at process.processTicksAndRejections (node:internal/process/task_queues:103:5)
[1]     at async /Users/sangamdevkota/Desktop/projext 2/local-aids/server/routes/helpRequests.js:199:25 {
[1]   stringValue: '"undefined"',
[1]   messageFormat: undefined,
[1]   kind: 'ObjectId',
[1]   value: 'undefined',
[1]   path: '_id',
[1]   reason: BSONError: input must be a 24 character hex string, 12 byte Uint8Array, or an integer
[1]       at new ObjectId (/Users/sangamdevkota/Desktop/projext 2/local-aids/server/node_modules/bson/lib/bson.cjs:2538:23)
[1]       at castObjectId (/Users/sangamdevkota/Desktop/projext 2/local-aids/server/node_modules/mongoose/lib/cast/objectid.js:25:12)
[1]       at SchemaObjectId.cast (/Users/sangamdevkota/Desktop/projext 2/local-aids/server/node_modules/mongoose/lib/schema/objectId.js:251:12)
[1]       at SchemaType.applySetters (/Users/sangamdevkota/Desktop/projext 2/local-aids/server/node_modules/mongoose/lib/schemaType.js:1288:12)
[1]       at SchemaType.castForQuery (/Users/sangamdevkota/Desktop/projext 2/local-aids/server/node_modules/mongoose/lib/schemaType.js:1724:17)
[1]       at cast (/Users/sangamdevkota/Desktop/projext 2/local-aids/server/node_modules/mongoose/lib/cast.js:390:32)
[1]       at Query.cast (/Users/sangamdevkota/Desktop/projext 2/local-aids/server/node_modules/mongoose/lib/query.js:5060:12)
[1]       at Query._castConditions (/Users/sangamdevkota/Desktop/projext 2/local-aids/server/node_modules/mongoose/lib/query.js:2374:10)
[1]       at model.Query._findOneAndUpdate (/Users/sangamdevkota/Desktop/projext 2/local-aids/server/node_modules/mongoose/lib/query.js:3477:8)
[1]       at model.Query.exec (/Users/sangamdevkota/Desktop/projext 2/local-aids/server/node_modules/mongoose/lib/query.js:4627:80),
[1]   valueType: 'string'
[1] }
[1] Update help request status error: CastError: Cast to ObjectId failed for value "undefined" (type string) at path "_id" for model "HelpRequest"
[1]     at SchemaObjectId.cast (/Users/sangamdevkota/Desktop/projext 2/local-aids/server/node_modules/mongoose/lib/schema/objectId.js:253:11)
[1]     at SchemaType.applySetters (/Users/sangamdevkota/Desktop/projext 2/local-aids/server/node_modules/mongoose/lib/schemaType.js:1288:12)
[1]     at SchemaType.castForQuery (/Users/sangamdevkota/Desktop/projext 2/local-aids/server/node_modules/mongoose/lib/schemaType.js:1724:17)
[1]     at cast (/Users/sangamdevkota/Desktop/projext 2/local-aids/server/node_modules/mongoose/lib/cast.js:390:32)
[1]     at Query.cast (/Users/sangamdevkota/Desktop/projext 2/local-aids/server/node_modules/mongoose/lib/query.js:5060:12)
[1]     at Query._castConditions (/Users/sangamdevkota/Desktop/projext 2/local-aids/server/node_modules/mongoose/lib/query.js:2374:10)
[1]     at model.Query._findOneAndUpdate (/Users/sangamdevkota/Desktop/projext 2/local-aids/server/node_modules/mongoose/lib/query.js:3477:8)
[1]     at model.Query.exec (/Users/sangamdevkota/Desktop/projext 2/local-aids/server/node_modules/mongoose/lib/query.js:4627:80)
[1]     at process.processTicksAndRejections (node:internal/process/task_queues:103:5)
[1]     at async /Users/sangamdevkota/Desktop/projext 2/local-aids/server/routes/helpRequests.js:199:25 {
[1]   stringValue: '"undefined"',
[1]   messageFormat: undefined,
[1]   kind: 'ObjectId',
[1]   value: 'undefined',
[1]   path: '_id',
[1]   reason: BSONError: input must be a 24 character hex string, 12 byte Uint8Array, or an integer
[1]       at new ObjectId (/Users/sangamdevkota/Desktop/projext 2/local-aids/server/node_modules/bson/lib/bson.cjs:2538:23)
[1]       at castObjectId (/Users/sangamdevkota/Desktop/projext 2/local-aids/server/node_modules/mongoose/lib/cast/objectid.js:25:12)
[1]       at SchemaObjectId.cast (/Users/sangamdevkota/Desktop/projext 2/local-aids/server/node_modules/mongoose/lib/schema/objectId.js:251:12)
[1]       at SchemaType.applySetters (/Users/sangamdevkota/Desktop/projext 2/local-aids/server/node_modules/mongoose/lib/schemaType.js:1288:12)
[1]       at SchemaType.castForQuery (/Users/sangamdevkota/Desktop/projext 2/local-aids/server/node_modules/mongoose/lib/schemaType.js:1724:17)
[1]       at cast (/Users/sangamdevkota/Desktop/projext 2/local-aids/server/node_modules/mongoose/lib/cast.js:390:32)
[1]       at Query.cast (/Users/sangamdevkota/Desktop/projext 2/local-aids/server/node_modules/mongoose/lib/query.js:5060:12)
[1]       at Query._castConditions (/Users/sangamdevkota/Desktop/projext 2/local-aids/server/node_modules/mongoose/lib/query.js:2374:10)
[1]       at model.Query._findOneAndUpdate (/Users/sangamdevkota/Desktop/projext 2/local-aids/server/node_modules/mongoose/lib/query.js:3477:8)
[1]       at model.Query.exec (/Users/sangamdevkota/Desktop/projext 2/local-aids/server/node_modules/mongoose/lib/query.js:4627:80),
[1]   valueType: 'string'
[1] }
[1] [31m[nodemon] app crashed - waiting for file changes before starting...[39m
[1] [32m[nodemon] restarting due to changes...[39m
[1] [32m[nodemon] starting `node server.js`[39m
[1] MongoDB Connected: localhost
[1] node:events:486
[1]       throw er; // Unhandled 'error' event
[1]       ^
[1] 
[1] Error: listen EADDRINUSE: address already in use :::5001
[1]     at Server.setupListenHandle [as _listen2] (node:net:1940:16)
[1]     at listenInCluster (node:net:1997:12)
[1]     at Server.listen (node:net:2102:7)
[1]     at app.listen (/Users/sangamdevkota/Desktop/projext 2/local-aids/server/node_modules/express/lib/application.js:635:24)
[1]     at /Users/sangamdevkota/Desktop/projext 2/local-aids/server/server.js:74:7
[1]     at process.processTicksAndRejections (node:internal/process/task_queues:103:5)
[1] Emitted 'error' event on Server instance at:
[1]     at emitErrorNT (node:net:1976:8)
[1]     at process.processTicksAndRejections (node:internal/process/task_queues:89:21) {
[1]   code: 'EADDRINUSE',
[1]   errno: -48,
[1]   syscall: 'listen',
[1]   address: '::',
[1]   port: 5001
[1] }
[1] 
[1] Node.js v25.2.1
[1] [31m[nodemon] app crashed - waiting for file changes before starting...[39m
[1] [32m[nodemon] restarting due to changes...[39m
[1] [32m[nodemon] starting `node server.js`[39m
[1] MongoDB Connected: localhost
[1] node:events:486
[1]       throw er; // Unhandled 'error' event
[1]       ^
[1] 
[1] Error: listen EADDRINUSE: address already in use :::5001
[1]     at Server.setupListenHandle [as _listen2] (node:net:1940:16)
[1]     at listenInCluster (node:net:1997:12)
[1]     at Server.listen (node:net:2102:7)
[1]     at app.listen (/Users/sangamdevkota/Desktop/projext 2/local-aids/server/node_modules/express/lib/application.js:635:24)
[1]     at /Users/sangamdevkota/Desktop/projext 2/local-aids/server/server.js:74:7
[1]     at process.processTicksAndRejections (node:internal/process/task_queues:103:5)
[1] Emitted 'error' event on Server instance at:
[1]     at emitErrorNT (node:net:1976:8)
[1]     at process.processTicksAndRejections (node:internal/process/task_queues:89:21) {
[1]   code: 'EADDRINUSE',
[1]   errno: -48,
[1]   syscall: 'listen',
[1]   address: '::',
[1]   port: 5001
[1] }
[1] 
[1] Node.js v25.2.1
[1] [31m[nodemon] app crashed - waiting for file changes before starting...[39m
[1] [32m[nodemon] restarting due to changes...[39m
[1] [32m[nodemon] starting `node server.js`[39m
[1] MongoDB Connected: localhost
[1] node:events:486
[1]       throw er; // Unhandled 'error' event
[1]       ^
[1] 
[1] Error: listen EADDRINUSE: address already in use :::5001
[1]     at Server.setupListenHandle [as _listen2] (node:net:1940:16)
[1]     at listenInCluster (node:net:1997:12)
[1]     at Server.listen (node:net:2102:7)
[1]     at app.listen (/Users/sangamdevkota/Desktop/projext 2/local-aids/server/node_modules/express/lib/application.js:635:24)
[1]     at /Users/sangamdevkota/Desktop/projext 2/local-aids/server/server.js:74:7
[1]     at process.processTicksAndRejections (node:internal/process/task_queues:103:5)
[1] Emitted 'error' event on Server instance at:
[1]     at emitErrorNT (node:net:1976:8)
[1]     at process.processTicksAndRejections (node:internal/process/task_queues:89:21) {
[1]   code: 'EADDRINUSE',
[1]   errno: -48,
[1]   syscall: 'listen',
[1]   address: '::',
[1]   port: 5001
[1] }
[1] 
[1] Node.js v25.2.1
[1] [31m[nodemon] app crashed - waiting for file changes before starting...[39m
[1] [32m[nodemon] restarting due to changes...[39m
[1] [32m[nodemon] starting `node server.js`[39m
[1] MongoDB Connected: localhost
[1] node:events:486
[1]       throw er; // Unhandled 'error' event
[1]       ^
[1] 
[1] Error: listen EADDRINUSE: address already in use :::5001
[1]     at Server.setupListenHandle [as _listen2] (node:net:1940:16)
[1]     at listenInCluster (node:net:1997:12)
[1]     at Server.listen (node:net:2102:7)
[1]     at app.listen (/Users/sangamdevkota/Desktop/projext 2/local-aids/server/node_modules/express/lib/application.js:635:24)
[1]     at /Users/sangamdevkota/Desktop/projext 2/local-aids/server/server.js:74:7
[1]     at process.processTicksAndRejections (node:internal/process/task_queues:103:5)
[1] Emitted 'error' event on Server instance at:
[1]     at emitErrorNT (node:net:1976:8)
[1]     at process.processTicksAndRejections (node:internal/process/task_queues:89:21) {
[1]   code: 'EADDRINUSE',
[1]   errno: -48,
[1]   syscall: 'listen',
[1]   address: '::',
[1]   port: 5001
[1] }
[1] 
[1] Node.js v25.2.1
[1] [31m[nodemon] app crashed - waiting for file changes before starting...[39m
[1] [32m[nodemon] restarting due to changes...[39m
[1] [32m[nodemon] starting `node server.js`[39m
[1] MongoDB Connected: localhost
[1] node:events:486
[1]       throw er; // Unhandled 'error' event
[1]       ^
[1] 
[1] Error: listen EADDRINUSE: address already in use :::5001
[1]     at Server.setupListenHandle [as _listen2] (node:net:1940:16)
[1]     at listenInCluster (node:net:1997:12)
[1]     at Server.listen (node:net:2102:7)
[1]     at app.listen (/Users/sangamdevkota/Desktop/projext 2/local-aids/server/node_modules/express/lib/application.js:635:24)
[1]     at /Users/sangamdevkota/Desktop/projext 2/local-aids/server/server.js:74:7
[1]     at process.processTicksAndRejections (node:internal/process/task_queues:103:5)
[1] Emitted 'error' event on Server instance at:
[1]     at emitErrorNT (node:net:1976:8)
[1]     at process.processTicksAndRejections (node:internal/process/task_queues:89:21) {
[1]   code: 'EADDRINUSE',
[1]   errno: -48,
[1]   syscall: 'listen',
[1]   address: '::',
[1]   port: 5001
[1] }
[1] 
[1] Node.js v25.2.1
[1] [31m[nodemon] app crashed - waiting for file changes before starting...[39m
[1] [32m[nodemon] restarting due to changes...[39m
[1] [32m[nodemon] starting `node server.js`[39m
[1] MongoDB Connected: localhost
[1] node:events:486
[1]       throw er; // Unhandled 'error' event
[1]       ^
[1] 
[1] Error: listen EADDRINUSE: address already in use :::5001
[1]     at Server.setupListenHandle [as _listen2] (node:net:1940:16)
[1]     at listenInCluster (node:net:1997:12)
[1]     at Server.listen (node:net:2102:7)
[1]     at app.listen (/Users/sangamdevkota/Desktop/projext 2/local-aids/server/node_modules/express/lib/application.js:635:24)
[1]     at /Users/sangamdevkota/Desktop/projext 2/local-aids/server/server.js:75:7
[1]     at process.processTicksAndRejections (node:internal/process/task_queues:103:5)
[1] Emitted 'error' event on Server instance at:
[1]     at emitErrorNT (node:net:1976:8)
[1]     at process.processTicksAndRejections (node:internal/process/task_queues:89:21) {
[1]   code: 'EADDRINUSE',
[1]   errno: -48,
[1]   syscall: 'listen',
[1]   address: '::',
[1]   port: 5001
[1] }
[1] 
[1] Node.js v25.2.1
[1] [31m[nodemon] app crashed - waiting for file changes before starting...[39m
[1] [32m[nodemon] restarting due to changes...[39m
[1] [32m[nodemon] starting `node server.js`[39m
[1] MongoDB Connected: localhost
[1] node:events:486
[1]       throw er; // Unhandled 'error' event
[1]       ^
[1] 
[1] Error: listen EADDRINUSE: address already in use :::5001
[1]     at Server.setupListenHandle [as _listen2] (node:net:1940:16)
[1]     at listenInCluster (node:net:1997:12)
[1]     at Server.listen (node:net:2102:7)
[1]     at app.listen (/Users/sangamdevkota/Desktop/projext 2/local-aids/server/node_modules/express/lib/application.js:635:24)
[1]     at /Users/sangamdevkota/Desktop/projext 2/local-aids/server/server.js:76:7
[1]     at process.processTicksAndRejections (node:internal/process/task_queues:103:5)
[1] Emitted 'error' event on Server instance at:
[1]     at emitErrorNT (node:net:1976:8)
[1]     at process.processTicksAndRejections (node:internal/process/task_queues:89:21) {
[1]   code: 'EADDRINUSE',
[1]   errno: -48,
[1]   syscall: 'listen',
[1]   address: '::',
[1]   port: 5001
[1] }
[1] 
[1] Node.js v25.2.1
[1] [31m[nodemon] app crashed - waiting for file changes before starting...[39m
[1] [32m[nodemon] restarting due to changes...[39m
[1] [32m[nodemon] starting `node server.js`[39m
[1] MongoDB Connected: localhost
[1] node:events:486
[1]       throw er; // Unhandled 'error' event
[1]       ^
[1] 
[1] Error: listen EADDRINUSE: address already in use :::5001
[1]     at Server.setupListenHandle [as _listen2] (node:net:1940:16)
[1]     at listenInCluster (node:net:1997:12)
[1]     at Server.listen (node:net:2102:7)
[1]     at app.listen (/Users/sangamdevkota/Desktop/projext 2/local-aids/server/node_modules/express/lib/application.js:635:24)
[1]     at /Users/sangamdevkota/Desktop/projext 2/local-aids/server/server.js:76:7
[1]     at process.processTicksAndRejections (node:internal/process/task_queues:103:5)
[1] Emitted 'error' event on Server instance at:
[1]     at emitErrorNT (node:net:1976:8)
[1]     at process.processTicksAndRejections (node:internal/process/task_queues:89:21) {
[1]   code: 'EADDRINUSE',
[1]   errno: -48,
[1]   syscall: 'listen',
[1]   address: '::',
[1]   port: 5001
[1] }
[1] 
[1] Node.js v25.2.1
[1] [31m[nodemon] app crashed - waiting for file changes before starting...[39m
[1] [32m[nodemon] restarting due to changes...[39m
[1] [32m[nodemon] starting `node server.js`[39m
[1] [32m[nodemon] restarting due to changes...[39m
[1] [32m[nodemon] restarting due to changes...[39m
[1] [32m[nodemon] restarting due to changes...[39m
[1] (node:11490) MaxListenersExceededWarning: Possible EventEmitter memory leak detected. 11 exit listeners added to [Bus]. MaxListeners is 10. Use emitter.setMaxListeners() to increase limit
[1] (Use `node --trace-warnings ...` to show where the warning was created)
[1] [32m[nodemon] starting `node server.js`[39m
[1] MongoDB Connected: localhost
[1] node:events:486
[1]       throw er; // Unhandled 'error' event
[1]       ^
[1] 
[1] Error: listen EADDRINUSE: address already in use :::5001
[1]     at Server.setupListenHandle [as _listen2] (node:net:1940:16)
[1]     at listenInCluster (node:net:1997:12)
[1]     at Server.listen (node:net:2102:7)
[1]     at app.listen (/Users/sangamdevkota/Desktop/projext 2/local-aids/server/node_modules/express/lib/application.js:635:24)
[1]     at /Users/sangamdevkota/Desktop/projext 2/local-aids/server/server.js:76:7
[1]     at process.processTicksAndRejections (node:internal/process/task_queues:103:5)
[1] Emitted 'error' event on Server instance at:
[1]     at emitErrorNT (node:net:1976:8)
[1]     at process.processTicksAndRejections (node:internal/process/task_queues:89:21) {
[1]   code: 'EADDRINUSE',
[1]   errno: -48,
[1]   syscall: 'listen',
[1]   address: '::',
[1]   port: 5001
[1] }
[1] 
[1] Node.js v25.2.1
[1] [31m[nodemon] app crashed - waiting for file changes before starting...[39m
[1] [32m[nodemon] restarting due to changes...[39m
[1] [32m[nodemon] starting `node server.js`[39m
[1] [32m[nodemon] restarting due to changes...[39m
[1] [32m[nodemon] restarting due to changes...[39m
[1] [32m[nodemon] restarting due to changes...[39m
[1] [32m[nodemon] starting `node server.js`[39m
[1] MongoDB Connected: localhost
[1] Server running on port 5001
[1] Environment: development
[1] [31m[nodemon] app crashed - waiting for file changes before starting...[39m
[1] [32m[nodemon] restarting child process[39m
[1] [32m[nodemon] starting `node server.js`[39m
[1] MongoDB Connected: localhost
[1] node:events:486
[1]       throw er; // Unhandled 'error' event
[1]       ^
[1] 
[1] Error: listen EADDRINUSE: address already in use :::5001
[1]     at Server.setupListenHandle [as _listen2] (node:net:1940:16)
[1]     at listenInCluster (node:net:1997:12)
[1]     at Server.listen (node:net:2102:7)
[1]     at app.listen (/Users/sangamdevkota/Desktop/projext 2/local-aids/server/node_modules/express/lib/application.js:635:24)
[1]     at /Users/sangamdevkota/Desktop/projext 2/local-aids/server/server.js:76:7
[1]     at process.processTicksAndRejections (node:internal/process/task_queues:103:5)
[1] Emitted 'error' event on Server instance at:
[1]     at emitErrorNT (node:net:1976:8)
[1]     at process.processTicksAndRejections (node:internal/process/task_queues:89:21) {
[1]   code: 'EADDRINUSE',
[1]   errno: -48,
[1]   syscall: 'listen',
[1]   address: '::',
[1]   port: 5001
[1] }
[1] 
[1] Node.js v25.2.1
[1] [31m[nodemon] app crashed - waiting for file changes before starting...[39m
